<?xml version="1.0" encoding="UTF-8"?>
<coverage generated="1770042732334" clover="3.2.0">
  <project timestamp="1770042732334" name="All files">
    <metrics statements="26" coveredstatements="21" conditionals="30" coveredconditionals="22" methods="2" coveredmethods="2" elements="58" coveredelements="45" complexity="0" loc="26" ncloc="26" packages="1" files="1" classes="1"/>
    <file name="api.js" path="C:\Users\Hani derrouiche\OneDrive\Documents\STUDI\FBurger-frontend\FBurger\src\services\api.js">
      <metrics statements="26" coveredstatements="21" conditionals="30" coveredconditionals="22" methods="2" coveredmethods="2"/>
      <line num="5" count="8" type="stmt"/>
      <line num="10" count="8" type="stmt"/>
      <line num="11" count="6" type="cond" truecount="2" falsecount="0"/>
      <line num="12" count="6" type="cond" truecount="2" falsecount="0"/>
      <line num="15" count="6" type="cond" truecount="4" falsecount="0"/>
      <line num="16" count="5" type="cond" truecount="4" falsecount="0"/>
      <line num="19" count="4" type="cond" truecount="2" falsecount="0"/>
      <line num="22" count="6" type="cond" truecount="4" falsecount="2"/>
      <line num="24" count="1" type="cond" truecount="1" falsecount="1"/>
      <line num="25" count="1" type="stmt"/>
      <line num="27" count="1" type="stmt"/>
      <line num="28" count="1" type="stmt"/>
      <line num="29" count="1" type="stmt"/>
      <line num="31" count="1" type="stmt"/>
      <line num="32" count="1" type="stmt"/>
      <line num="34" count="0" type="cond" truecount="0" falsecount="2"/>
      <line num="35" count="0" type="stmt"/>
      <line num="37" count="0" type="stmt"/>
      <line num="38" count="0" type="stmt"/>
      <line num="40" count="1" type="cond" truecount="1" falsecount="1"/>
      <line num="41" count="1" type="stmt"/>
      <line num="44" count="0" type="cond" truecount="0" falsecount="2"/>
      <line num="46" count="1" type="stmt"/>
      <line num="49" count="4" type="stmt"/>
      <line num="52" count="8" type="stmt"/>
      <line num="53" count="2" type="cond" truecount="2" falsecount="0"/>
    </file>
  </project>
</coverage>
