{"C:\\Users\\Hani derrouiche\\OneDrive\\Documents\\STUDI\\FBurger-frontend\\FBurger\\src\\services\\api.js": {"path":"C:\\Users\\Hani derrouiche\\OneDrive\\Documents\\STUDI\\FBurger-frontend\\FBurger\\src\\services\\api.js","statementMap":{"0":{"start":{"line":5,"column":12},"end":{"line":8,"column":2}},"1":{"start":{"line":10,"column":28},"end":{"line":50,"column":1}},"2":{"start":{"line":11,"column":37},"end":{"line":11,"column":57}},"3":{"start":{"line":12,"column":16},"end":{"line":12,"column":33}},"4":{"start":{"line":15,"column":4},"end":{"line":15,"column":81}},"5":{"start":{"line":15,"column":52},"end":{"line":15,"column":81}},"6":{"start":{"line":16,"column":4},"end":{"line":16,"column":78}},"7":{"start":{"line":16,"column":51},"end":{"line":16,"column":78}},"8":{"start":{"line":19,"column":26},"end":{"line":19,"column":54}},"9":{"start":{"line":22,"column":4},"end":{"line":47,"column":5}},"10":{"start":{"line":24,"column":12},"end":{"line":24,"column":62}},"11":{"start":{"line":25,"column":12},"end":{"line":25,"column":18}},"12":{"start":{"line":27,"column":11},"end":{"line":27,"column":28}},"13":{"start":{"line":28,"column":12},"end":{"line":28,"column":43}},"14":{"start":{"line":29,"column":12},"end":{"line":29,"column":18}},"15":{"start":{"line":31,"column":12},"end":{"line":31,"column":40}},"16":{"start":{"line":32,"column":12},"end":{"line":32,"column":18}},"17":{"start":{"line":34,"column":12},"end":{"line":34,"column":72}},"18":{"start":{"line":35,"column":12},"end":{"line":35,"column":18}},"19":{"start":{"line":37,"column":12},"end":{"line":37,"column":42}},"20":{"start":{"line":38,"column":12},"end":{"line":38,"column":18}},"21":{"start":{"line":40,"column":12},"end":{"line":45,"column":13}},"22":{"start":{"line":41,"column":16},"end":{"line":41,"column":50}},"23":{"start":{"line":44,"column":16},"end":{"line":44,"column":72}},"24":{"start":{"line":46,"column":12},"end":{"line":46,"column":18}},"25":{"start":{"line":49,"column":4},"end":{"line":49,"column":33}},"26":{"start":{"line":52,"column":0},"end":{"line":55,"column":1}},"27":{"start":{"line":53,"column":18},"end":{"line":53,"column":54}}},"fnMap":{"0":{"name":"(anonymous_0)","decl":{"start":{"line":10,"column":28},"end":{"line":10,"column":29}},"loc":{"start":{"line":10,"column":39},"end":{"line":50,"column":1}},"line":10},"1":{"name":"(anonymous_1)","decl":{"start":{"line":53,"column":4},"end":{"line":53,"column":5}},"loc":{"start":{"line":53,"column":18},"end":{"line":53,"column":54}},"line":53}},"branchMap":{"0":{"loc":{"start":{"line":11,"column":37},"end":{"line":11,"column":57}},"type":"binary-expr","locations":[{"start":{"line":11,"column":37},"end":{"line":11,"column":51}},{"start":{"line":11,"column":55},"end":{"line":11,"column":57}}],"line":11},"1":{"loc":{"start":{"line":12,"column":16},"end":{"line":12,"column":33}},"type":"binary-expr","locations":[{"start":{"line":12,"column":16},"end":{"line":12,"column":27}},{"start":{"line":12,"column":31},"end":{"line":12,"column":33}}],"line":12},"2":{"loc":{"start":{"line":15,"column":4},"end":{"line":15,"column":81}},"type":"if","locations":[{"start":{"line":15,"column":4},"end":{"line":15,"column":81}},{"start":{},"end":{}}],"line":15},"3":{"loc":{"start":{"line":15,"column":8},"end":{"line":15,"column":50}},"type":"binary-expr","locations":[{"start":{"line":15,"column":8},"end":{"line":15,"column":22}},{"start":{"line":15,"column":26},"end":{"line":15,"column":50}}],"line":15},"4":{"loc":{"start":{"line":16,"column":4},"end":{"line":16,"column":78}},"type":"if","locations":[{"start":{"line":16,"column":4},"end":{"line":16,"column":78}},{"start":{},"end":{}}],"line":16},"5":{"loc":{"start":{"line":16,"column":8},"end":{"line":16,"column":49}},"type":"binary-expr","locations":[{"start":{"line":16,"column":8},"end":{"line":16,"column":22}},{"start":{"line":16,"column":26},"end":{"line":16,"column":49}}],"line":16},"6":{"loc":{"start":{"line":19,"column":26},"end":{"line":19,"column":54}},"type":"binary-expr","locations":[{"start":{"line":19,"column":26},"end":{"line":19,"column":39}},{"start":{"line":19,"column":43},"end":{"line":19,"column":54}}],"line":19},"7":{"loc":{"start":{"line":22,"column":4},"end":{"line":47,"column":5}},"type":"switch","locations":[{"start":{"line":23,"column":8},"end":{"line":25,"column":18}},{"start":{"line":26,"column":8},"end":{"line":29,"column":18}},{"start":{"line":30,"column":8},"end":{"line":32,"column":18}},{"start":{"line":33,"column":8},"end":{"line":35,"column":18}},{"start":{"line":36,"column":8},"end":{"line":38,"column":18}},{"start":{"line":39,"column":8},"end":{"line":46,"column":18}}],"line":22},"8":{"loc":{"start":{"line":24,"column":24},"end":{"line":24,"column":60}},"type":"binary-expr","locations":[{"start":{"line":24,"column":24},"end":{"line":24,"column":37}},{"start":{"line":24,"column":41},"end":{"line":24,"column":60}}],"line":24},"9":{"loc":{"start":{"line":34,"column":24},"end":{"line":34,"column":70}},"type":"binary-expr","locations":[{"start":{"line":34,"column":24},"end":{"line":34,"column":37}},{"start":{"line":34,"column":41},"end":{"line":34,"column":70}}],"line":34},"10":{"loc":{"start":{"line":40,"column":12},"end":{"line":45,"column":13}},"type":"if","locations":[{"start":{"line":40,"column":12},"end":{"line":45,"column":13}},{"start":{"line":42,"column":19},"end":{"line":45,"column":13}}],"line":40},"11":{"loc":{"start":{"line":44,"column":28},"end":{"line":44,"column":70}},"type":"binary-expr","locations":[{"start":{"line":44,"column":28},"end":{"line":44,"column":41}},{"start":{"line":44,"column":45},"end":{"line":44,"column":70}}],"line":44},"12":{"loc":{"start":{"line":53,"column":18},"end":{"line":53,"column":54}},"type":"binary-expr","locations":[{"start":{"line":53,"column":18},"end":{"line":53,"column":37}},{"start":{"line":53,"column":41},"end":{"line":53,"column":54}}],"line":53}},"s":{"0":8,"1":8,"2":6,"3":6,"4":6,"5":1,"6":5,"7":1,"8":4,"9":6,"10":1,"11":1,"12":1,"13":1,"14":1,"15":1,"16":1,"17":0,"18":0,"19":0,"20":0,"21":1,"22":1,"23":0,"24":1,"25":4,"26":8,"27":2},"f":{"0":6,"1":2},"b":{"0":[6,1],"1":[6,1],"2":[1,5],"3":[6,2],"4":[1,4],"5":[5,1],"6":[4,3],"7":[1,1,1,0,0,1],"8":[1,0],"9":[0,0],"10":[1,0],"11":[0,0],"12":[2,1]},"meta":{"lastBranch":13,"lastFunction":2,"lastStatement":28,"seen":{"s:5:12:8:2":0,"s:10:28:50:1":1,"f:10:28:10:29":0,"s:11:37:11:57":2,"b:11:37:11:51:11:55:11:57":0,"s:12:16:12:33":3,"b:12:16:12:27:12:31:12:33":1,"b:15:4:15:81:undefined:undefined:undefined:undefined":2,"s:15:4:15:81":4,"b:15:8:15:22:15:26:15:50":3,"s:15:52:15:81":5,"b:16:4:16:78:undefined:undefined:undefined:undefined":4,"s:16:4:16:78":6,"b:16:8:16:22:16:26:16:49":5,"s:16:51:16:78":7,"s:19:26:19:54":8,"b:19:26:19:39:19:43:19:54":6,"b:23:8:25:18:26:8:29:18:30:8:32:18:33:8:35:18:36:8:38:18:39:8:46:18":7,"s:22:4:47:5":9,"s:24:12:24:62":10,"b:24:24:24:37:24:41:24:60":8,"s:25:12:25:18":11,"s:27:11:27:28":12,"s:28:12:28:43":13,"s:29:12:29:18":14,"s:31:12:31:40":15,"s:32:12:32:18":16,"s:34:12:34:72":17,"b:34:24:34:37:34:41:34:70":9,"s:35:12:35:18":18,"s:37:12:37:42":19,"s:38:12:38:18":20,"b:40:12:45:13:42:19:45:13":10,"s:40:12:45:13":21,"s:41:16:41:50":22,"s:44:16:44:72":23,"b:44:28:44:41:44:45:44:70":11,"s:46:12:46:18":24,"s:49:4:49:33":25,"s:52:0:55:1":26,"f:53:4:53:5":1,"s:53:18:53:54":27,"b:53:18:53:37:53:41:53:54":12}}}
}
